<?xml version="1.0" encoding="UTF-8"?>
<testng-results skipped="0" failed="0" ignored="0" total="1" passed="1">
  <reporter-output>
  </reporter-output>
  <suite name="Default suite" duration-ms="74383" started-at="2021-10-21T15:29:58 IST" finished-at="2021-10-21T15:31:13 IST">
    <groups>
    </groups>
    <test name="Default test" duration-ms="74383" started-at="2021-10-21T15:29:58 IST" finished-at="2021-10-21T15:31:13 IST">
      <class name="linkedin.LoginTest.LoginTest">
        <test-method status="PASS" signature="beforeMethod()[pri:0, instance:linkedin.LoginTest.LoginTest@6b57696f]" name="beforeMethod" is-config="true" duration-ms="42791" started-at="2021-10-21T15:29:58 IST" finished-at="2021-10-21T15:30:41 IST">
          <reporter-output>
          </reporter-output>
        </test-method> <!-- beforeMethod -->
        <test-method status="PASS" signature="TC_001_LoginTest_validcred()[pri:0, instance:linkedin.LoginTest.LoginTest@6b57696f]" name="TC_001_LoginTest_validcred" duration-ms="31437" started-at="2021-10-21T15:30:41 IST" finished-at="2021-10-21T15:31:13 IST">
          <reporter-output>
          </reporter-output>
        </test-method> <!-- TC_001_LoginTest_validcred -->
        <test-method status="PASS" signature="afterMethod()[pri:0, instance:linkedin.LoginTest.LoginTest@6b57696f]" name="afterMethod" is-config="true" duration-ms="2" started-at="2021-10-21T15:31:13 IST" finished-at="2021-10-21T15:31:13 IST">
          <reporter-output>
          </reporter-output>
        </test-method> <!-- afterMethod -->
      </class> <!-- linkedin.LoginTest.LoginTest -->
    </test> <!-- Default test -->
  </suite> <!-- Default suite -->
</testng-results>
